==================================================
Pipeline started: 2026-05-09 06:14:42.586910
==================================================

[1] Loaded CSV: 44 rows
  [SKIP] Row 4 — no price: Nissan Roox 2023 Car Unregistered (Recondition)
  [SKIP] Row 11 — no price: Toyota Aqua Prius C 2014 Car (Used)
  [SKIP] Row 19 — no price: Suzuki Alto 2015 Car (Used)
  [SKIP] Row 20 — no price: Suzuki Maruti 2005 Car (Used)
  [SKIP] Row 28 — no price: Toyota Prius 2011 Car (Used)
  [SKIP] Row 39 — no price: Toyota Starlet Glanza 1997 Car (Used)
  [SKIP] Row 42 — no price: Honda Insight Ze2 2011 Car (Used)

[2] Cleaning done:
    ✓ Clean rows : 37
    ✗ Skipped    : 7

[3] Data summary:
    Price   → min: Rs.525,000  max: Rs.21,850,000  avg: Rs.6,623,918
    Year    → min: 1984  max: 2025
    Mileage → min: 1 km  max: 231,710 km  avg: 116,659 km
    Makes   → {'Toyota': 17, 'Suzuki': 8, 'Nissan': 3, 'Honda': 2, 'Mercedes-Benz': 1}

[4] Saved to DB: 37 records → table 'cars_cleaned'

✅ Pipeline complete! Log saved to: logs\pipeline_20260509_061442.log
