Scraper started: 2026-05-09 11:11:46.592885

=== Collecting links from 421 pages ===
  Page 1/421: 44 links (total: 44)
  Page 2/421: 44 links (total: 88)
  Page 3/421: 43 links (total: 131)
  Page 4/421: 43 links (total: 174)
  Page 5/421: 42 links (total: 216)
  Page 6/421: 44 links (total: 260)
  Page 7/421: 38 links (total: 298)
  Page 8/421: 42 links (total: 340)
  Page 9/421: 41 links (total: 381)
  Page 10/421: 42 links (total: 423)
  Page 11/421: 42 links (total: 465)
  Page 12/421: 41 links (total: 506)
  Page 13/421: 41 links (total: 547)
  Page 14/421: 38 links (total: 585)
  Page 15/421: 41 links (total: 626)
  Page 16/421: 41 links (total: 667)
  Page 17/421: 41 links (total: 708)
  Page 18/421: 40 links (total: 748)
  Page 19/421: 43 links (total: 791)
  Page 20/421: 41 links (total: 832)
  Page 21/421: 40 links (total: 872)
  Page 22/421: 39 links (total: 911)
  Page 23/421: 40 links (total: 951)
  Page 24/421: 40 links (total: 991)
  Page 25/421: 40 links (total: 1031)
  Page 26/421: 40 links (total: 1071)
  Page 27/421: 42 links (total: 1113)
  Page 28/421: 39 links (total: 1152)
  Page 29/421: 40 links (total: 1192)
  Page 30/421: 40 links (total: 1232)
  Page 31/421: 39 links (total: 1271)
  Page 32/421: 40 links (total: 1311)
  Page 33/421: 41 links (total: 1352)
  Page 34/421: 40 links (total: 1392)
  Page 35/421: 37 links (total: 1429)
  Page 36/421: 40 links (total: 1469)
  Page 37/421: 40 links (total: 1509)
  Page 38/421: 40 links (total: 1549)
  Page 39/421: 39 links (total: 1588)
  Page 40/421: 40 links (total: 1628)
  Page 41/421: 40 links (total: 1668)
  Page 42/421: 38 links (total: 1706)
  Page 43/421: 40 links (total: 1746)
  Page 44/421: 40 links (total: 1786)
  Page 45/421: 39 links (total: 1825)
  Page 46/421: 38 links (total: 1863)
  Page 47/421: 40 links (total: 1903)
  Page 48/421: 38 links (total: 1941)
  Page 49/421: 39 links (total: 1980)
  Page 50/421: 39 links (total: 2019)
  Page 51/421: 40 links (total: 2059)
  Page 52/421: 38 links (total: 2097)
  Page 53/421: 39 links (total: 2136)
  Page 54/421: 39 links (total: 2175)
  Page 55/421: 40 links (total: 2215)
  Page 56/421: 40 links (total: 2255)
  Page 57/421: 38 links (total: 2293)
  Page 58/421: 39 links (total: 2332)
  Page 59/421: 40 links (total: 2372)
  Page 60/421: 39 links (total: 2411)
  Page 61/421: 39 links (total: 2450)
  Page 62/421: 40 links (total: 2490)
  Page 63/421: 39 links (total: 2529)
  Page 64/421: 40 links (total: 2569)
  Page 65/421: 40 links (total: 2609)
  Page 66/421: 40 links (total: 2649)
  Page 67/421: 38 links (total: 2687)
  Page 68/421: 40 links (total: 2727)
  Page 69/421: 40 links (total: 2767)
  Page 70/421: 39 links (total: 2806)
  Page 71/421: 40 links (total: 2846)
  Page 72/421: 39 links (total: 2885)
  Page 73/421: 40 links (total: 2925)
  Page 74/421: 39 links (total: 2964)
  Page 75/421: 40 links (total: 3004)
  Page 76/421: 40 links (total: 3044)
  Page 77/421: 39 links (total: 3083)
  Page 78/421: 40 links (total: 3123)
  Page 79/421: 40 links (total: 3163)
  Page 80/421: 39 links (total: 3202)
  Page 81/421: 40 links (total: 3242)
  Page 82/421: 39 links (total: 3281)
  Page 83/421: 40 links (total: 3321)
  Page 84/421: 37 links (total: 3358)
  Page 85/421: 40 links (total: 3398)
  Page 86/421: 40 links (total: 3438)
  Page 87/421: 40 links (total: 3478)
  Page 88/421: 38 links (total: 3516)
  Page 89/421: 39 links (total: 3555)
  Page 90/421: 39 links (total: 3594)
  Page 91/421: 40 links (total: 3634)
  Page 92/421: 40 links (total: 3674)
  Page 93/421: 40 links (total: 3714)
  Page 94/421: 40 links (total: 3754)
  Page 95/421: 40 links (total: 3794)
  Page 96/421: 39 links (total: 3833)
  Page 97/421: 40 links (total: 3873)
  Page 98/421: 40 links (total: 3913)
  Page 99/421: 39 links (total: 3952)
  Page 100/421: 40 links (total: 3992)
  Page 101/421: 39 links (total: 4031)
  Page 102/421: 40 links (total: 4071)
  Page 103/421: 40 links (total: 4111)
  Page 104/421: 40 links (total: 4151)
  Page 105/421: 40 links (total: 4191)
  Page 106/421: 40 links (total: 4231)
  Page 107/421: 39 links (total: 4270)
  Page 108/421: 37 links (total: 4307)
  Page 109/421: 39 links (total: 4346)
  Page 110/421: 40 links (total: 4386)
  Page 111/421: 40 links (total: 4426)
  Page 112/421: 40 links (total: 4466)
  Page 113/421: 40 links (total: 4506)
  Page 114/421: 39 links (total: 4545)
  Page 115/421: 40 links (total: 4585)
  Page 116/421: 39 links (total: 4624)
  Page 117/421: 40 links (total: 4664)
  Page 118/421: 40 links (total: 4704)
  Page 119/421: 40 links (total: 4744)
  Page 120/421: 40 links (total: 4784)
  Page 121/421: 39 links (total: 4823)
  Page 122/421: 40 links (total: 4863)
  Page 123/421: 40 links (total: 4903)
  Page 124/421: 39 links (total: 4942)
  Page 125/421: 40 links (total: 4982)
  Page 126/421: 39 links (total: 5021)
  Page 127/421: 39 links (total: 5060)
  Page 128/421: 40 links (total: 5100)
  Page 129/421: 40 links (total: 5140)
  Page 130/421: 40 links (total: 5180)
  Page 131/421: 40 links (total: 5220)
  Page 132/421: 40 links (total: 5260)
  Page 133/421: 40 links (total: 5300)
  Page 134/421: 40 links (total: 5340)
  Page 135/421: 40 links (total: 5380)
  Page 136/421: 40 links (total: 5420)
  Page 137/421: 40 links (total: 5460)
  Page 138/421: 40 links (total: 5500)
  Page 139/421: 39 links (total: 5539)
  Page 140/421: 40 links (total: 5579)
  Page 141/421: 40 links (total: 5619)
  Page 142/421: 39 links (total: 5658)
  Page 143/421: 39 links (total: 5697)
  Page 144/421: 40 links (total: 5737)
  Page 145/421: 38 links (total: 5775)
  Page 146/421: 40 links (total: 5815)
  Page 147/421: 40 links (total: 5855)
  Page 148/421: 39 links (total: 5894)
  Page 149/421: 40 links (total: 5934)
  Page 150/421: 39 links (total: 5973)
  Page 151/421: 40 links (total: 6013)
  Page 152/421: 40 links (total: 6053)
  Page 153/421: 40 links (total: 6093)
  Page 154/421: 40 links (total: 6133)
  Page 155/421: 38 links (total: 6171)
  Page 156/421: 39 links (total: 6210)
  Page 157/421: 40 links (total: 6250)
  Page 158/421: 40 links (total: 6290)
  Page 159/421: 40 links (total: 6330)
  Page 160/421: 40 links (total: 6370)
  Page 161/421: 40 links (total: 6410)
  Page 162/421: 40 links (total: 6450)
  Page 163/421: 40 links (total: 6490)
  Page 164/421: 40 links (total: 6530)
  Page 165/421: 40 links (total: 6570)
  Page 166/421: 40 links (total: 6610)
  Page 167/421: 40 links (total: 6650)
  Page 168/421: 39 links (total: 6689)
  Page 169/421: 39 links (total: 6728)
  Page 170/421: 40 links (total: 6768)
  Page 171/421: 39 links (total: 6807)
  Page 172/421: 39 links (total: 6846)
  Page 173/421: 39 links (total: 6885)
  Page 174/421: 40 links (total: 6925)
  Page 175/421: 40 links (total: 6965)
  Page 176/421: 40 links (total: 7005)
  Page 177/421: 39 links (total: 7044)
  Page 178/421: 40 links (total: 7084)
  Page 179/421: 40 links (total: 7124)
  Page 180/421: 40 links (total: 7164)
  Page 181/421: 37 links (total: 7201)
  Page 182/421: 40 links (total: 7241)
  Page 183/421: 40 links (total: 7281)
  Page 184/421: 40 links (total: 7321)
  Page 185/421: 40 links (total: 7361)
  Page 186/421: 39 links (total: 7400)
  Page 187/421: 39 links (total: 7439)
  Page 188/421: 40 links (total: 7479)
  Page 189/421: 40 links (total: 7519)
  Page 190/421: 40 links (total: 7559)
  Page 191/421: 40 links (total: 7599)
  Page 192/421: 40 links (total: 7639)
  Page 193/421: 40 links (total: 7679)
  Page 194/421: 40 links (total: 7719)
  Page 195/421: 40 links (total: 7759)
  Page 196/421: 40 links (total: 7799)
  Page 197/421: 39 links (total: 7838)
  Page 198/421: 40 links (total: 7878)
  Page 199/421: 40 links (total: 7918)
  Page 200/421: 40 links (total: 7958)
  Page 201/421: 40 links (total: 7998)
  Page 202/421: 40 links (total: 8038)
  Page 203/421: 40 links (total: 8078)
  Page 204/421: 40 links (total: 8118)
  Page 205/421: 40 links (total: 8158)
  Page 206/421: 40 links (total: 8198)
  Page 207/421: 40 links (total: 8238)
  Page 208/421: 40 links (total: 8278)
  Page 209/421: 40 links (total: 8318)
  Page 210/421: 39 links (total: 8357)
  Page 211/421: 40 links (total: 8397)
  Page 212/421: 40 links (total: 8437)
  Page 213/421: 40 links (total: 8477)
  Page 214/421: 40 links (total: 8517)
  Page 215/421: 40 links (total: 8557)
  Page 216/421: 40 links (total: 8597)
  Page 217/421: 40 links (total: 8637)
  Page 218/421: 40 links (total: 8677)
  Page 219/421: 40 links (total: 8717)
  Page 220/421: 40 links (total: 8757)
  Page 221/421: 40 links (total: 8797)
  Page 222/421: 38 links (total: 8835)
  Page 223/421: 40 links (total: 8875)
  Page 224/421: 40 links (total: 8915)
  Page 225/421: 40 links (total: 8955)
  Page 226/421: 40 links (total: 8995)
  Page 227/421: 40 links (total: 9035)
  Page 228/421: 40 links (total: 9075)
  Page 229/421: 40 links (total: 9115)
  Page 230/421: 40 links (total: 9155)
  Page 231/421: 40 links (total: 9195)
  Page 232/421: 40 links (total: 9235)
  Page 233/421: 40 links (total: 9275)
  Page 234/421: 40 links (total: 9315)
  Page 235/421: 40 links (total: 9355)
  Page 236/421: 39 links (total: 9394)
  Page 237/421: 40 links (total: 9434)
  Page 238/421: 40 links (total: 9474)
  Page 239/421: 40 links (total: 9514)
  Page 240/421: 40 links (total: 9554)
  Page 241/421: 40 links (total: 9594)
  Page 242/421: 40 links (total: 9634)
  Page 243/421: 40 links (total: 9674)
  Page 244/421: 40 links (total: 9714)
  Page 245/421: 40 links (total: 9754)
  Page 246/421: 40 links (total: 9794)
  Page 247/421: 40 links (total: 9834)
  Page 248/421: 40 links (total: 9874)
  Page 249/421: 40 links (total: 9914)
  Page 250/421: 40 links (total: 9954)
  Page 251/421: 40 links (total: 9994)
  Page 252/421: 40 links (total: 10034)
  Page 253/421: 40 links (total: 10074)
  Page 254/421: 39 links (total: 10113)
  Page 255/421: 40 links (total: 10153)
  Page 256/421: 40 links (total: 10193)
  Page 257/421: 40 links (total: 10233)
  Page 258/421: 40 links (total: 10273)
  Page 259/421: 40 links (total: 10313)
  Page 260/421: 40 links (total: 10353)
  Page 261/421: 40 links (total: 10393)
  Page 262/421: 40 links (total: 10433)
  Page 263/421: 39 links (total: 10472)
  Page 264/421: 40 links (total: 10512)
  Page 265/421: 40 links (total: 10552)
  Page 266/421: 40 links (total: 10592)
  Page 267/421: 40 links (total: 10632)
  Page 268/421: 40 links (total: 10672)
  Page 269/421: 40 links (total: 10712)
  Page 270/421: 40 links (total: 10752)
  Page 271/421: 40 links (total: 10792)
  Page 272/421: 40 links (total: 10832)
  Page 273/421: 40 links (total: 10872)
  Page 274/421: 40 links (total: 10912)
  Page 275/421: 40 links (total: 10952)
  Page 276/421: 40 links (total: 10992)
  Page 277/421: 40 links (total: 11032)
  Page 278/421: 40 links (total: 11072)
  Page 279/421: 40 links (total: 11112)
  Page 280/421: 40 links (total: 11152)
  Page 281/421: 40 links (total: 11192)
  Page 282/421: 39 links (total: 11231)
  Page 283/421: 40 links (total: 11271)
  Page 284/421: 39 links (total: 11310)
  Page 285/421: 38 links (total: 11348)
  Page 286/421: 40 links (total: 11388)
  Page 287/421: 40 links (total: 11428)
  Page 288/421: 40 links (total: 11468)
  Page 289/421: 39 links (total: 11507)
  Page 290/421: 40 links (total: 11547)
  Page 291/421: 40 links (total: 11587)
  Page 292/421: 39 links (total: 11626)
  Page 293/421: 40 links (total: 11666)
  Page 294/421: 38 links (total: 11704)
  Page 295/421: 39 links (total: 11743)
  Page 296/421: 40 links (total: 11783)
  Page 297/421: 40 links (total: 11823)
  Page 298/421: 39 links (total: 11862)
  Page 299/421: 40 links (total: 11902)
  Page 300/421: 40 links (total: 11942)
  Page 301/421: 40 links (total: 11982)
  Page 302/421: 40 links (total: 12022)
  Page 303/421: 40 links (total: 12062)
  Page 304/421: 40 links (total: 12102)
  Page 305/421: 39 links (total: 12141)
  Page 306/421: 40 links (total: 12181)
  Page 307/421: 40 links (total: 12221)
  Page 308/421: 40 links (total: 12261)
  Page 309/421: 39 links (total: 12300)
  Page 310/421: 40 links (total: 12340)
  Page 311/421: 39 links (total: 12379)
  Page 312/421: 40 links (total: 12419)
  Page 313/421: 40 links (total: 12459)
  Page 314/421: 40 links (total: 12499)
  Page 315/421: 40 links (total: 12539)
  Page 316/421: 40 links (total: 12579)
  Page 317/421: 40 links (total: 12619)
  Page 318/421: 39 links (total: 12658)
  Page 319/421: 39 links (total: 12697)
  Page 320/421: 40 links (total: 12737)
  Page 321/421: 40 links (total: 12777)
  Page 322/421: 40 links (total: 12817)
  Page 323/421: 40 links (total: 12857)
  Page 324/421: 40 links (total: 12897)
  Page 325/421: 40 links (total: 12937)
  Page 326/421: 40 links (total: 12977)
  Page 327/421: 38 links (total: 13015)
  Page 328/421: 40 links (total: 13055)
  Page 329/421: 40 links (total: 13095)
  Page 330/421: 40 links (total: 13135)
  Page 331/421: 40 links (total: 13175)
  Page 332/421: 39 links (total: 13214)
  Page 333/421: 40 links (total: 13254)
  Page 334/421: 39 links (total: 13293)
  Page 335/421: 40 links (total: 13333)
  Page 336/421: 40 links (total: 13373)
  Page 337/421: 39 links (total: 13412)
  Page 338/421: 40 links (total: 13452)
  Page 339/421: 40 links (total: 13492)
  Page 340/421: 40 links (total: 13532)
  Page 341/421: 40 links (total: 13572)
  Page 342/421: 40 links (total: 13612)
  Page 343/421: 40 links (total: 13652)
  Page 344/421: 39 links (total: 13691)
  Page 345/421: 40 links (total: 13731)
  Page 346/421: 40 links (total: 13771)
  Page 347/421: 40 links (total: 13811)
  Page 348/421: 38 links (total: 13849)
  Page 349/421: 40 links (total: 13889)
  Page 350/421: 39 links (total: 13928)
  Page 351/421: 40 links (total: 13968)
  Page 352/421: 40 links (total: 14008)
  Page 353/421: 40 links (total: 14048)
  Page 354/421: 40 links (total: 14088)
  Page 355/421: 39 links (total: 14127)
  Page 356/421: 40 links (total: 14167)
  Page 357/421: 40 links (total: 14207)
  Page 358/421: 38 links (total: 14245)
  Page 359/421: 40 links (total: 14285)
  Page 360/421: 40 links (total: 14325)
  Page 361/421: 39 links (total: 14364)
  Page 362/421: 40 links (total: 14404)
  Page 363/421: 40 links (total: 14444)
  Page 364/421: 39 links (total: 14483)
  Page 365/421: 39 links (total: 14522)
  Page 366/421: 40 links (total: 14562)
  Page 367/421: 38 links (total: 14600)
  Page 368/421: 40 links (total: 14640)
  Page 369/421: 40 links (total: 14680)
  Page 370/421: 39 links (total: 14719)
  Page 371/421: 40 links (total: 14759)
  Page 372/421: 40 links (total: 14799)
  Page 373/421: 40 links (total: 14839)
  Page 374/421: 40 links (total: 14879)
  Page 375/421: 40 links (total: 14919)
  Page 376/421: 40 links (total: 14959)
  Page 377/421: 39 links (total: 14998)
  Page 378/421: 40 links (total: 15038)
  Page 379/421: 40 links (total: 15078)
  Page 380/421: 39 links (total: 15117)
  Page 381/421: 39 links (total: 15156)
  Page 382/421: 40 links (total: 15196)
  Page 383/421: 39 links (total: 15235)
  Page 384/421: 39 links (total: 15274)
  Page 385/421: 40 links (total: 15314)
  Page 386/421: 40 links (total: 15354)
  Page 387/421: 40 links (total: 15394)
  Page 388/421: 40 links (total: 15434)
  Page 389/421: 40 links (total: 15474)
  Page 390/421: 40 links (total: 15514)
  Page 391/421: 40 links (total: 15554)
  Page 392/421: 40 links (total: 15594)
  Page 393/421: 38 links (total: 15632)
  Page 394/421: 40 links (total: 15672)
  Page 395/421: 40 links (total: 15712)
  Page 396/421: 40 links (total: 15752)
  Page 397/421: 40 links (total: 15792)
  Page 398/421: 40 links (total: 15832)
  Page 399/421: 40 links (total: 15872)
  Page 400/421: 40 links (total: 15912)
  Page 401/421: 40 links (total: 15952)
  Page 402/421: 40 links (total: 15992)
  Page 403/421: 40 links (total: 16032)
  Page 404/421: 40 links (total: 16072)
  Page 405/421: 40 links (total: 16112)
  Page 406/421: 40 links (total: 16152)
  Page 407/421: 39 links (total: 16191)
  Page 408/421: 40 links (total: 16231)
  Page 409/421: 39 links (total: 16270)
  Page 410/421: 40 links (total: 16310)
  Page 411/421: 40 links (total: 16350)
  Page 412/421: 40 links (total: 16390)
  Page 413/421: 40 links (total: 16430)
  Page 414/421: 40 links (total: 16470)
  Page 415/421: 40 links (total: 16510)
  Page 416/421: 40 links (total: 16550)
  Page 417/421: 40 links (total: 16590)
  Page 418/421: 40 links (total: 16630)
  Page 419/421: 40 links (total: 16670)
  Page 420/421: 40 links (total: 16710)
  Page 421/421: 23 links (total: 16733)

Total links: 16733

=== Scraping 16733 cars with 4 threads ===
